make all --print-data-base --no-builtin-variables --no-builtin-rules --question
# GNU Make 3.81
# Copyright (C) 2006  Free Software Foundation, Inc.
# This is free software; see the source for copying conditions.
# There is NO warranty; not even for MERCHANTABILITY or FITNESS FOR A
# PARTICULAR PURPOSE.

# This program built for i386-apple-darwin11.3.0
 

# Make data base, printed on Tue May 24 21:23:57 2022

# Variables

# automatic
<D = $(patsubst %/,%,$(dir $<))
# makefile (from `Makefile.common', line 95)
PREFIX = $(shell pwd)
# automatic
?F = $(notdir $?)
# makefile (from `Makefile.common', line 69)
GO_BUILD_PLATFORM = $(GOHOSTOS)-$(GOHOSTARCH)
# environment
PROVIDE_FULLSTACK_ACTION = true
# environment
VSCODE_LOG_NATIVE = false
# automatic
?D = $(patsubst %/,%,$(dir $?))
# makefile (from `Makefile.common', line 31)
GOOPTS = 
# makefile (from `Makefile.common', line 98)
DOCKERFILE_PATH = ./Dockerfile
# automatic
@D = $(patsubst %/,%,$(dir $@))
 
# makefile (from `Makefile.common', line 97)
DOCKER_IMAGE_TAG = $(subst /,-,$(shell git rev-parse --abbrev-ref HEAD))
# automatic
@F = $(notdir $@)
# makefile
CURDIR := /Users/wenj91/git/prometheus
# makefile
SHELL = /bin/sh
# makefile (from `Makefile.common', line 28)
GO = go
# environment
VSCODE_NLS_CONFIG = {"locale":"zh-cn","availableLanguages":{"*":"zh-cn"},"_languagePackId":"42e84e0914b17800d483f69e299e1b00.zh-cn","_translationsConfigFile":"/Users/wenj91/Library/Application Support/Code/clp/42e84e0914b17800d483f69e299e1b00.zh-cn/tcf.json","_cacheRoot":"/Users/wenj91/Library/Application Support/Code/clp/42e84e0914b17800d483f69e299e1b00.zh-cn","_resolvedLanguagePackCoreLocation":"/Users/wenj91/Library/Application Support/Code/clp/42e84e0914b17800d483f69e299e1b00.zh-cn/c3511e6c69bb39013c4a4b7b9566ec1ca73fc4d5","_corruptedFile":"/Users/wenj91/Library/Application Support/Code/clp/42e84e0914b17800d483f69e299e1b00.zh-cn/corrupted.info","_languagePackSupport":true}
# environment
_ = /usr/bin/make
# makefile (from `Makefile.common', line 82)
PROMU_URL := https://github.com/prometheus/promu/releases/download/v0.12.0/promu-0.12.0.darwin-amd64.tar.gz
# makefile (from `Makefile.common', line 35)
GO_VERSION = $(shell $(GO) version)
# makefile (from `Makefile.common', line 1)
MAKEFILE_LIST :=  Makefile Makefile.common
# makefile (from `Makefile', line 19)
REACT_APP_OUTPUT_DIR = web/ui/static/react
# makefile (from `Makefile.common', line 44)
GO111MODULE := on
# environment
VSCODE_AMD_ENTRYPOINT = vs/workbench/api/node/extensionHostProcess
# environment
VSCODE_VERBOSE_LOGGING = true
# makefile (from `Makefile.common', line 36)
GO_VERSION_NUMBER = $(word 3, $(GO_VERSION))
# environment
__CFBundleIdentifier = com.microsoft.VSCode
# environment
VSCODE_IPC_HOOK_EXTHOST = /var/folders/p3/q8wty0fs6kg9v4j44zmth4nc0000gn/T/vscode-ipc-a19992e0-a640-4401-b80f-41a42be0c635.sock
# environment
VSCODE_CWD = /
# environment
GOPROXY = https://goproxy.io,direct
# makefile (from `Makefile.common', line 39)
GOVENDOR := 
# makefile (from `Makefile', line 29)
GOLANGCI_LINT_OPTS = --timeout 4m
# environment
PATH = /usr/local/sbin:/usr/local/bin:/usr/local/opt/ruby/bin:/usr/local/opt/binutils/bin:/usr/local/bin:/usr/bin:/bin:/usr/sbin:/sbin:/Users/wenj91/go/bin:/Applications/VMware Fusion.app/Contents/Public:/Library/TeX/texbin:/usr/local/go/bin:/usr/local/share/dotnet:~/.dotnet/tools:/Library/Apple/usr/bin:/Library/Frameworks/Mono.framework/Versions/Current/Commands:/Applications/Wireshark.app/Contents/MacOS:/Applications/Xamarin Workbooks.app/Contents/SharedSupport/path-bin:/Users/wenj91/.cargo/bin
# makefile (from `Makefile.common', line 91)
GOLANGCI_LINT := /Users/wenj91/go/bin/golangci-lint
# environment
LSCOLORS = Gxfxcxdxbxegedabagacad
# environment
GOLANG_EXECUTABLE = go
# makefile (from `Makefile.common', line 96)
BIN_DIR = $(shell pwd)
# makefile (from `Makefile.common', line 111)
test-flags := -race
# makefile (from `Makefile.common', line 86)
GOLANGCI_LINT_VERSION = v1.39.0
# makefile (from `Makefile.common', line 63)
pkgs = ./...
# environment
THREE_SCALE_USER_TOKEN = 207c527cfc2a6b8dcf4fa43ad7a976da
# makefile (from `Makefile.common', line 100)
DOCKER_REPO = prom
# environment
GOPATH = /Users/wenj91/go
# makefile (from `Makefile.common', line 62)
PROMU := /Users/wenj91/go/bin/promu
# environment
VSCODE_LOG_STACK = false
# makefile (from `Makefile.common', line 105)
PUBLISH_DOCKER_ARCHS = $(addprefix common-docker-publish-,$(DOCKER_ARCHS))
# environment
ELECTRON_RUN_AS_NODE = 1
# default
.FEATURES := target-specific order-only second-expansion else-if archives jobserver check-symlink
# makefile (from `Makefile.common', line 32)
GOHOSTOS = $(shell $(GO) env GOHOSTOS)
# environment
UUID = 873ef3db-d604-4cbf-a88a-ee8e2693c3bf
# environment
SSH_AUTH_SOCK = /private/tmp/com.apple.launchd.CbMEhpAJbX/Listeners
# automatic
%F = $(notdir $%)
# makefile (from `Makefile.common', line 26)
GOBIN := 
# environment
VSCODE_PIPE_LOGGING = true
# makefile (from `Makefile.common', line 30)
FIRST_GOPATH := /Users/wenj91/go
# environment
PWD = /Users/wenj91/git/prometheus
# environment
ORIGINAL_XDG_CURRENT_DESKTOP = undefined
# environment
GOMODCACHE = /Users/wenj91/go/pkg/mod
# environment
HOME = /Users/wenj91
# makefile (from `Makefile', line 26)
TSDB_BENCHMARK_DATASET = ./tsdb/testdata/20kseries.json
# makefile (from `Makefile.common', line 106)
TAG_DOCKER_ARCHS = $(addprefix common-docker-tag-latest-,$(DOCKER_ARCHS))
# makefile (from `Makefile', line 22)
REACT_APP_BUILD_SCRIPT = ./scripts/build_react_app.sh
# makefile (from `Makefile', line 21)
REACT_APP_NPM_LICENSES_TARBALL = "npm_licenses.tar.bz2"
# default
MAKEFILEPATH = $(shell /usr/bin/xcode-select -print-path 2>/dev/null || echo /Developer)/Makefiles
# environment
VSCODE_CODE_CACHE_PATH = /Users/wenj91/Library/Application Support/Code/CachedData/c3511e6c69bb39013c4a4b7b9566ec1ca73fc4d5
# environment
LOGNAME = wenj91
# environment
APPLICATION_INSIGHTS_NO_DIAGNOSTIC_CHANNEL = true
# makefile (from `Makefile.common', line 29)
GOFMT = $(GO)fmt
# environment
TELEMETRY_ID = e06d43c9-59fa-4da8-ac2d-c2cd83bb31ae
# environment
ZSH = /Users/wenj91/.oh-my-zsh
# environment
VSCODE_HANDLES_UNCAUGHT_ERRORS = true
# automatic
^D = $(patsubst %/,%,$(dir $^))
# makefile (from `Makefile.common', line 33)
GOHOSTARCH = $(shell $(GO) env GOHOSTARCH)
# makefile (from `Makefile.common', line 73)
GOTEST_DIR := 
# makefile (from `Makefile', line 20)
REACT_APP_NODE_MODULES_PATH = $(REACT_APP_PATH)/node_modules
# environment
XPC_FLAGS = 0x0
# default
MAKE = $(MAKE_COMMAND)
# default
MAKECMDGOALS := all
# makefile (from `Makefile.common', line 257)
DOCKER_MAJOR_VERSION_TAG = $(firstword $(subst ., ,$(shell cat VERSION)))
# environment
SHLVL = 1
# makefile (from `Makefile', line 24)
PROMTOOL = ./promtool
# makefile (from `Makefile.common', line 99)
DOCKERBUILD_CONTEXT = ./
# default
MAKE_VERSION := 3.81
# environment
USER = wenj91
# makefile
.DEFAULT_GOAL := common-all
# environment
HOMEBREW_BOTTLE_DOMAIN = https://mirrors.ustc.edu.cn/homebrew-bottles
# environment
LESS = -R
# automatic
%D = $(patsubst %/,%,$(dir $%))
# default
MAKE_COMMAND := /Library/Developer/CommandLineTools/usr/bin/make
# environment
UTM_SOURCE = vscode
# default
.VARIABLES := 
# environment
TMPDIR = /var/folders/p3/q8wty0fs6kg9v4j44zmth4nc0000gn/T/
# automatic
*F = $(notdir $*)
# environment
VSCODE_IPC_HOOK = /Users/wenj91/Library/Application Support/Code/1.67.2-main.sock
# makefile (from `Makefile', line 15)
DOCKER_ARCHS = amd64 armv7 arm64 ppc64le s390x
# makefile
MAKEFLAGS = Rrqp
# environment
MFLAGS = -Rrqp
# automatic
*D = $(patsubst %/,%,$(dir $*))
# makefile (from `Makefile.common', line 37)
PRE_GO_111 = $(shell echo $(GO_VERSION_NUMBER) | grep -E 'go1\.(10|[0-9])\.')
# environment
XPC_SERVICE_NAME = application.com.microsoft.VSCode.74245292.74245298
# automatic
+D = $(patsubst %/,%,$(dir $+))
# environment
RECOMMENDER_API_URL = https://gw.api.openshift.io//api/v2
# automatic
+F = $(notdir $+)
# makefile (from `Makefile.common', line 72)
GOTEST := go test
# makefile (from `Makefile', line 18)
REACT_APP_SOURCE_FILES = $(shell find $(REACT_APP_PATH)/public/ $(REACT_APP_PATH)/src/ $(REACT_APP_PATH)/tsconfig.json)
# makefile (from `Makefile.common', line 301)
define PRECHECK_COMMAND_template =
precheck:: $(1)_precheck

PRECHECK_COMMAND_$(1) ?= $(1) $$(strip $$(PRECHECK_OPTIONS_$(1)))
.PHONY: $(1)_precheck
$(1)_precheck:
	@if ! $$(PRECHECK_COMMAND_$(1)) 1>/dev/null 2>&1; then echo "Execution of '$$(PRECHECK_COMMAND_$(1))' command failed. Is $(1) installed?"; exit 1; fi
endef
# environment
__CF_USER_TEXT_ENCODING = 0x1F5:0x19:0x34
# environment
COMMAND_MODE = unix2003
# default
MAKEFILES := 
# automatic
<F = $(notdir $<)
# makefile (from `Makefile.common', line 81)
PROMU_VERSION = 0.12.0
# makefile (from `Makefile', line 25)
TSDB_BENCHMARK_NUM_METRICS = 1000
# environment
PAGER = less
# makefile (from `Makefile', line 33)
DOCKER_IMAGE_NAME = prometheus
# environment
LC_ALL = C
# automatic
^F = $(notdir $^)
# default
SUFFIXES := 
# makefile (from `Makefile', line 17)
REACT_APP_PATH = web/ui/react-app
# default
.INCLUDE_DIRS = /usr/local/include
 
# makefile (from `Makefile.common', line 104)
BUILD_DOCKER_ARCHS = $(addprefix common-docker-,$(DOCKER_ARCHS))
# environment
MAKELEVEL := 0
# environment
LANG = C
# makefile (from `Makefile', line 27)
TSDB_BENCHMARK_OUTPUT_DIR = ./benchout
# environment
VSCODE_PID = 93328
# variable set hash-table stats:
# Load=123/1024=12%, Rehash=0, Collisions=19/295=6%

# Pattern-specific Variable Values

# No pattern-specific variable values.

# Directories

# . (device 16777220, inode 64038388): 49 files, 2 impossibilities.

# 49 files, 2 impossibilities in 1 directories.

# Implicit Rules

%: common-%
#  commands to execute (from `Makefile.common', line 118):
	

# 1 implicit rules, 0 (0.0%) terminal.

# Files

# Not a target:
web/ui/react-app/src//pages/graph/PanelList.test.tsx:
#  Implicit rule search has not been done.
#  Modification time never checked.
#  File has not been updated.

# Not a target:
web/ui/react-app/src//pages/graph/Graph.tsx:
#  Implicit rule search has not been done.
#  Modification time never checked.
#  File has not been updated.

# Not a target:
web/ui/react-app/src//fonts:
#  Implicit rule search has not been done.
#  Modification time never checked.
#  File has not been updated.

# Not a target:
web/ui/react-app/src//pages/tsdbStatus:
#  Implicit rule search has not been done.
#  Modification time never checked.
#  File has not been updated.

# Not a target:
check_license:
#  Implicit rule search has not been done.
#  Modification time never checked.
#  File has not been updated.

# Not a target:
web/ui/react-app/src//App.test.tsx:
#  Implicit rule search has not been done.
#  Modification time never checked.
#  File has not been updated.

common-test:
#  Phony target (prerequisite of .PHONY).
#  Implicit rule search has not been done.
#  File does not exist.
#  File has not been updated.
#  commands to execute (from `Makefile.common', line 171):
	@echo ">> running all tests"
	GO111MODULE=$(GO111MODULE) $(GOTEST) $(test-flags) $(GOOPTS) $(pkgs)
	

# Not a target:
web/ui/react-app/src//pages/rules/Rules.tsx:
#  Implicit rule search has not been done.
#  Modification time never checked.
#  File has not been updated.

# Not a target:
web/ui/react-app/src//pages/graph/CMTheme.tsx:
#  Implicit rule search has not been done.
#  Modification time never checked.
#  File has not been updated.

# Not a target:
web/ui/react-app/src//pages/graph/GraphControls.test.tsx:
#  Implicit rule search has not been done.
#  Modification time never checked.
#  File has not been updated.

common-tarball: promu
#  Phony target (prerequisite of .PHONY).
#  Implicit rule search has not been done.
#  File does not exist.
#  File has not been updated.
#  commands to execute (from `Makefile.common', line 240):
	@echo ">> building release tarball"
	$(PROMU) tarball --prefix $(PREFIX) $(BIN_DIR)
	

common-docker-publish-arm64:
#  Phony target (prerequisite of .PHONY).
#  Implicit rule search has not been done.
#  Implicit/static pattern stem: `arm64'
#  File does not exist.
#  File has not been updated.
#  commands to execute (from `Makefile.common', line 255):
	docker push "$(DOCKER_REPO)/$(DOCKER_IMAGE_NAME)-linux-$*:$(DOCKER_IMAGE_TAG)"
	

# Not a target:
web/ui/react-app/src//pages/alerts/CollapsibleAlertPanel.tsx:
#  Implicit rule search has not been done.
#  Modification time never checked.
#  File has not been updated.

# Not a target:
web/ui/react-app/src//pages/index.ts:
#  Implicit rule search has not been done.
#  Modification time never checked.
#  File has not been updated.

build: assets common-build
#  Phony target (prerequisite of .PHONY).
#  Implicit rule search has not been done.
#  File does not exist.
#  File has not been updated.

# Not a target:
web/ui/react-app/src//Navbar.tsx:
#  Implicit rule search has not been done.
#  Modification time never checked.
#  File has not been updated.

# Not a target:
yamllint:
#  Implicit rule search has not been done.
#  Modification time never checked.
#  File has not been updated.

# Not a target:
web/ui/react-app/src//pages/graph/PanelList.tsx:
#  Implicit rule search has not been done.
#  Modification time never checked.
#  File has not been updated.

# Not a target:
web/ui/react-app/src//hooks:
#  Implicit rule search has not been done.
#  Modification time never checked.
#  File has not been updated.

# Not a target:
web/ui/react-app/src//pages/targets/target.test.ts:
#  Implicit rule search has not been done.
#  Modification time never checked.
#  File has not been updated.

# Not a target:
web/ui/react-app/src//pages/serviceDiscovery/LabelsTable.tsx:
#  Implicit rule search has not been done.
#  Modification time never checked.
#  File has not been updated.

# Not a target:
web/ui/react-app/src//App.tsx:
#  Implicit rule search has not been done.
#  Modification time never checked.
#  File has not been updated.

common-format:
#  Phony target (prerequisite of .PHONY).
#  Implicit rule search has not been done.
#  File does not exist.
#  File has not been updated.
#  commands to execute (from `Makefile.common', line 179):
	@echo ">> formatting code"
	GO111MODULE=$(GO111MODULE) $(GO) fmt $(pkgs)
	

# Not a target:
web/ui/react-app/tsconfig.json:
#  Implicit rule search has not been done.
#  Modification time never checked.
#  File has not been updated.

# Not a target:
web/ui/react-app/src//pages/targets:
#  Implicit rule search has not been done.
#  Modification time never checked.
#  File has not been updated.

all: common-all
#  Command-line target.
#  Implicit rule search has been done.
#  Implicit/static pattern stem: `all'
#  File does not exist.
#  File has been updated.
#  Needs to be updated (-q is set).
# variable set hash-table stats:
# Load=0/32=0%, Rehash=0, Collisions=0/5=0%
#  commands to execute (from `Makefile.common', line 118):
	

# Not a target:
web/ui/react-app/src//pages/graph/GraphControls.tsx:
#  Implicit rule search has not been done.
#  Modification time never checked.
#  File has not been updated.

# Not a target:
web/ui/react-app/src//pages/serviceDiscovery/Services.tsx:
#  Implicit rule search has not been done.
#  Modification time never checked.
#  File has not been updated.

# Not a target:
web/ui/react-app/src//pages/alerts/AlertContents.test.tsx:
#  Implicit rule search has not been done.
#  Modification time never checked.
#  File has not been updated.

# Not a target:
web/ui/react-app/src//vendor/flot/jquery.flot.js:
#  Implicit rule search has not been done.
#  Modification time never checked.
#  File has not been updated.

# Not a target:
web/ui/react-app/src//components/withStartingIndicator.tsx:
#  Implicit rule search has not been done.
#  Modification time never checked.
#  File has not been updated.

 
.PHONY: common-all common-style common-check_license common-deps update-go-deps common-test-short common-test common-format common-vet common-lint common-yamllint common-staticcheck common-unused common-build common-tarball common-docker common-docker-amd64 common-docker-armv7 common-docker-arm64 common-docker-ppc64le common-docker-s390x common-docker-publish common-docker-publish-amd64 common-docker-publish-armv7 common-docker-publish-arm64 common-docker-publish-ppc64le common-docker-publish-s390x common-docker-tag-latest common-docker-tag-latest-amd64 common-docker-tag-latest-armv7 common-docker-tag-latest-arm64 common-docker-tag-latest-ppc64le common-docker-tag-latest-s390x common-docker-manifest promu proto precheck assets react-app-lint react-app-lint-fix react-app-test test npm_licenses tarball docker build bench_tsdb
#  Implicit rule search has not been done.
#  Modification time never checked.
#  File has not been updated.

# Not a target:
web/ui/react-app/package.json:
#  Implicit rule search has not been done.
#  Modification time never checked.
#  File has not been updated.

# Not a target:
web/ui/react-app/src//pages/targets/target.ts:
#  Implicit rule search has not been done.
#  Modification time never checked.
#  File has not been updated.

# Not a target:
web/ui/react-app/src//pages/targets/TargetLabels.module.css:
#  Implicit rule search has not been done.
#  Modification time never checked.
#  File has not been updated.

# Not a target:
web/ui/react-app/src//pages/targets/Filter.tsx:
#  Implicit rule search has not been done.
#  Modification time never checked.
#  File has not been updated.

web/ui/static/react: web/ui/react-app/node_modules web/ui/react-app/public/ web/ui/react-app/public//favicon.ico web/ui/react-app/public//index.html web/ui/react-app/public//manifest.json web/ui/react-app/src/ web/ui/react-app/src//index.tsx web/ui/react-app/src//Navbar.tsx web/ui/react-app/src//App.tsx web/ui/react-app/src//types web/ui/react-app/src//types/types.ts web/ui/react-app/src//types/index.d.ts web/ui/react-app/src//contexts web/ui/react-app/src//contexts/PathPrefixContext.tsx web/ui/react-app/src//contexts/ThemeContext.tsx web/ui/react-app/src//App.test.tsx web/ui/react-app/src//constants web/ui/react-app/src//constants/constants.tsx web/ui/react-app/src//Navbar.test.tsx web/ui/react-app/src//utils web/ui/react-app/src//utils/utils.test.ts web/ui/react-app/src//utils/index.ts web/ui/react-app/src//Theme.tsx web/ui/react-app/src//setupTests.ts web/ui/react-app/src//components web/ui/react-app/src//components/withStartingIndicator.test.tsx web/ui/react-app/src//components/withStartingIndicator.tsx web/ui/react-app/src//components/ToggleMoreLess.test.tsx web/ui/react-app/src//components/ToggleMoreLess.tsx web/ui/react-app/src//components/Checkbox.test.tsx web/ui/react-app/src//components/withStatusIndicator.tsx web/ui/react-app/src//components/Checkbox.tsx web/ui/react-app/src//hooks web/ui/react-app/src//hooks/useLocalStorage.test.tsx web/ui/react-app/src//hooks/useLocalStorage.tsx web/ui/react-app/src//hooks/useFetch.ts web/ui/react-app/src//globals.ts web/ui/react-app/src//react-app-env.d.ts web/ui/react-app/src//fonts web/ui/react-app/src//fonts/codicon.ttf web/ui/react-app/src//pages web/ui/react-app/src//pages/flags web/ui/react-app/src//pages/flags/Flags.test.tsx web/ui/react-app/src//pages/flags/Flags.tsx web/ui/react-app/src//pages/flags/__snapshots__ web/ui/react-app/src//pages/flags/__snapshots__/Flags.test.tsx.snap web/ui/react-app/src//pages/targets web/ui/react-app/src//pages/targets/__testdata__ web/ui/react-app/src//pages/targets/__testdata__/testdata.ts web/ui/react-app/src//pages/targets/ScrapePoolPanel.test.tsx web/ui/react-app/src//pages/targets/Targets.tsx web/ui/react-app/src//pages/targets/ScrapePoolPanel.tsx web/ui/react-app/src//pages/targets/target.ts web/ui/react-app/src//pages/targets/EndpointLink.test.tsx web/ui/react-app/src//pages/targets/EndpointLink.tsx web/ui/react-app/src//pages/targets/target.test.ts web/ui/react-app/src//pages/targets/ScrapePoolList.test.tsx web/ui/react-app/src//pages/targets/ScrapePoolList.tsx web/ui/react-app/src//pages/targets/Filter.tsx web/ui/react-app/src//pages/targets/ScrapePoolPanel.module.css web/ui/react-app/src//pages/targets/TargetLabels.tsx web/ui/react-app/src//pages/targets/TargetLabels.test.tsx web/ui/react-app/src//pages/targets/TargetLabels.module.css web/ui/react-app/src//pages/targets/Targets.test.tsx web/ui/react-app/src//pages/targets/Filter.test.tsx web/ui/react-app/src//pages/targets/__snapshots__ web/ui/react-app/src//pages/targets/__snapshots__/TargetLabels.test.tsx.snap web/ui/react-app/src//pages/config web/ui/react-app/src//pages/config/Config.tsx web/ui/react-app/src//pages/graph web/ui/react-app/src//pages/graph/Legend.tsx web/ui/react-app/src//pages/graph/GraphTabContent.tsx web/ui/react-app/src//pages/graph/MetricsExplorer.tsx web/ui/react-app/src//pages/graph/GraphHelpers.ts web/ui/react-app/src//pages/graph/GraphControls.test.tsx web/ui/react-app/src//pages/graph/ExpressionInput.tsx web/ui/react-app/src//pages/graph/GraphTabContent.test.tsx web/ui/react-app/src//pages/graph/CMExpressionInput.tsx web/ui/react-app/src//pages/graph/QueryStatsView.tsx web/ui/react-app/src//pages/graph/GraphControls.tsx web/ui/react-app/src//pages/graph/TimeInput.tsx web/ui/react-app/src//pages/graph/Panel.test.tsx web/ui/react-app/src//pages/graph/Panel.tsx web/ui/react-app/src//pages/graph/PanelList.tsx web/ui/react-app/src//pages/graph/Graph.tsx web/ui/react-app/src//pages/graph/Graph.test.tsx web/ui/react-app/src//pages/graph/QueryStatsView.test.tsx web/ui/react-app/src//pages/graph/DataTable.tsx web/ui/react-app/src//pages/graph/CMExpressionInput.test.tsx web/ui/react-app/src//pages/graph/TimeInput.test.tsx web/ui/react-app/src//pages/graph/SeriesName.test.tsx web/ui/react-app/src//pages/graph/ExpressionInput.test.tsx web/ui/react-app/src//pages/graph/PanelList.test.tsx web/ui/react-app/src//pages/graph/GraphHelpers.test.ts web/ui/react-app/src//pages/graph/DataTable.test.tsx web/ui/react-app/src//pages/graph/SeriesName.tsx web/ui/react-app/src//pages/graph/CMTheme.tsx web/ui/react-app/src//pages/tsdbStatus web/ui/react-app/src//pages/tsdbStatus/TSDBStatus.tsx web/ui/react-app/src//pages/tsdbStatus/TSDBStatus.test.tsx web/ui/react-app/src//pages/status web/ui/react-app/src//pages/status/Status.test.tsx web/ui/react-app/src//pages/status/Status.tsx web/ui/react-app/src//pages/status/__snapshots__ web/ui/react-app/src//pages/status/__snapshots__/Status.test.tsx.snap web/ui/react-app/src//pages/alerts web/ui/react-app/src//pages/alerts/Alerts.tsx web/ui/react-app/src//pages/alerts/CollapsibleAlertPanel.tsx web/ui/react-app/src//pages/alerts/AlertContents.test.tsx web/ui/react-app/src//pages/alerts/AlertContents.tsx web/ui/react-app/src//pages/alerts/__snapshots__ web/ui/react-app/src//pages/alerts/__snapshots__/AlertContents.test.tsx.snap web/ui/react-app/src//pages/rules web/ui/react-app/src//pages/rules/Rules.tsx web/ui/react-app/src//pages/rules/RulesContent.tsx web/ui/react-app/src//pages/serviceDiscovery web/ui/react-app/src//pages/serviceDiscovery/Services.tsx web/ui/react-app/src//pages/serviceDiscovery/LabelsTable.tsx web/ui/react-app/src//pages/index.ts web/ui/react-app/src//themes web/ui/react-app/src//themes/dark.scss web/ui/react-app/src//themes/light.scss web/ui/react-app/src//themes/_shared.scss web/ui/react-app/src//themes/_bootstrap_dark.scss web/ui/react-app/src//themes/_bootstrap_light.scss web/ui/react-app/src//themes/app.scss web/ui/react-app/src//vendor web/ui/react-app/src//vendor/flot web/ui/react-app/src//vendor/flot/jquery.flot.time.js web/ui/react-app/src//vendor/flot/jquery.flot.stack.js web/ui/react-app/src//vendor/flot/jquery.flot.selection.js web/ui/react-app/src//vendor/flot/jquery.flot.crosshair.js web/ui/react-app/src//vendor/flot/jquery.flot.js web/ui/react-app/tsconfig.json scripts/build_react_app.sh
#  Implicit rule search has not been done.
#  Modification time never checked.
#  File has not been updated.
#  commands to execute (from `Makefile', line 39):
	@echo ">> building React app"
	@$(REACT_APP_BUILD_SCRIPT)
	

 
# Not a target:
web/ui/react-app/src//pages/targets/__snapshots__/TargetLabels.test.tsx.snap:
#  Implicit rule search has not been done.
#  Modification time never checked.
#  File has not been updated.

# Not a target:
web/ui/react-app/src//contexts:
#  Implicit rule search has not been done.
#  Modification time never checked.
#  File has not been updated.

# Not a target:
web/ui/react-app/src//pages/alerts/__snapshots__/AlertContents.test.tsx.snap:
#  Implicit rule search has not been done.
#  Modification time never checked.
#  File has not been updated.

react-app-lint:
#  Phony target (prerequisite of .PHONY).
#  Implicit rule search has not been done.
#  File does not exist.
#  File has not been updated.
#  commands to execute (from `Makefile', line 53):
	@echo ">> running React app linting"
	cd $(REACT_APP_PATH) && yarn lint:ci
	

common-vet:
#  Phony target (prerequisite of .PHONY).
#  Implicit rule search has not been done.
#  File does not exist.
#  File has not been updated.
#  commands to execute (from `Makefile.common', line 184):
	@echo ">> vetting code"
	GO111MODULE=$(GO111MODULE) $(GO) vet $(GOOPTS) $(pkgs)
	

common-all: precheck style check_license lint yamllint unused build test
#  Phony target (prerequisite of .PHONY).
#  Implicit rule search has not been done.
#  File does not exist.
#  File has been updated.
#  Needs to be updated (-q is set).
# variable set hash-table stats:
# Load=0/32=0%, Rehash=0, Collisions=0/5=0%

# Not a target:
web/ui/react-app/src//pages/config:
#  Implicit rule search has not been done.
#  Modification time never checked.
#  File has not been updated.

# Not a target:
web/ui/react-app/src//pages/graph/MetricsExplorer.tsx:
#  Implicit rule search has not been done.
#  Modification time never checked.
#  File has not been updated.

# Not a target:
web/ui/react-app/src//pages/targets/TargetLabels.test.tsx:
#  Implicit rule search has not been done.
#  Modification time never checked.
#  File has not been updated.

# Not a target:
web/ui/react-app/src//pages/graph/ExpressionInput.test.tsx:
#  Implicit rule search has not been done.
#  Modification time never checked.
#  File has not been updated.

# Not a target:
web/ui/react-app/src//components/ToggleMoreLess.test.tsx:
#  Implicit rule search has not been done.
#  Modification time never checked.
#  File has not been updated.

# Not a target:
web/ui/react-app/src//pages/targets/TargetLabels.tsx:
#  Implicit rule search has not been done.
#  Modification time never checked.
#  File has not been updated.

# Not a target:
web/ui/react-app/src//pages/graph/GraphTabContent.test.tsx:
#  Implicit rule search has not been done.
#  Modification time never checked.
#  File has not been updated.

# Not a target:
web/ui/react-app/src//contexts/ThemeContext.tsx:
#  Implicit rule search has not been done.
#  Modification time never checked.
#  File has not been updated.

# Not a target:
web/ui/react-app/src//pages/graph/Graph.test.tsx:
#  Implicit rule search has not been done.
#  Modification time never checked.
#  File has not been updated.

# Not a target:
web/ui/react-app/src//pages/flags/__snapshots__:
#  Implicit rule search has not been done.
#  Modification time never checked.
#  File has not been updated.

# Not a target:
web/ui/react-app/src//vendor:
#  Implicit rule search has not been done.
#  Modification time never checked.
#  File has not been updated.

common-docker-tag-latest-s390x:
#  Phony target (prerequisite of .PHONY).
#  Implicit rule search has not been done.
#  Implicit/static pattern stem: `s390x'
#  File does not exist.
#  File has not been updated.
#  commands to execute (from `Makefile.common', line 261):
	docker tag "$(DOCKER_REPO)/$(DOCKER_IMAGE_NAME)-linux-$*:$(DOCKER_IMAGE_TAG)" "$(DOCKER_REPO)/$(DOCKER_IMAGE_NAME)-linux-$*:latest"
	docker tag "$(DOCKER_REPO)/$(DOCKER_IMAGE_NAME)-linux-$*:$(DOCKER_IMAGE_TAG)" "$(DOCKER_REPO)/$(DOCKER_IMAGE_NAME)-linux-$*:v$(DOCKER_MAJOR_VERSION_TAG)"
	

# Not a target:
web/ui/react-app/src//contexts/PathPrefixContext.tsx:
#  Implicit rule search has not been done.
#  Modification time never checked.
#  File has not been updated.

common-docker-s390x:
#  Phony target (prerequisite of .PHONY).
#  Implicit rule search has not been done.
#  Implicit/static pattern stem: `s390x'
#  File does not exist.
#  File has not been updated.
#  commands to execute (from `Makefile.common', line 246):
	docker build -t "$(DOCKER_REPO)/$(DOCKER_IMAGE_NAME)-linux-$*:$(DOCKER_IMAGE_TAG)" \
	-f $(DOCKERFILE_PATH) \
	--build-arg ARCH="$*" \
	--build-arg OS="linux" \
	$(DOCKERBUILD_CONTEXT)
	

common-docker-tag-latest-amd64:
#  Phony target (prerequisite of .PHONY).
#  Implicit rule search has not been done.
#  Implicit/static pattern stem: `amd64'
#  File does not exist.
#  File has not been updated.
#  commands to execute (from `Makefile.common', line 261):
	docker tag "$(DOCKER_REPO)/$(DOCKER_IMAGE_NAME)-linux-$*:$(DOCKER_IMAGE_TAG)" "$(DOCKER_REPO)/$(DOCKER_IMAGE_NAME)-linux-$*:latest"
	docker tag "$(DOCKER_REPO)/$(DOCKER_IMAGE_NAME)-linux-$*:$(DOCKER_IMAGE_TAG)" "$(DOCKER_REPO)/$(DOCKER_IMAGE_NAME)-linux-$*:v$(DOCKER_MAJOR_VERSION_TAG)"
	

# Not a target:
web/ui/react-app/src//vendor/flot/jquery.flot.time.js:
#  Implicit rule search has not been done.
#  Modification time never checked.
#  File has not been updated.

common-docker-amd64:
#  Phony target (prerequisite of .PHONY).
#  Implicit rule search has not been done.
#  Implicit/static pattern stem: `amd64'
#  File does not exist.
#  File has not been updated.
#  commands to execute (from `Makefile.common', line 246):
	docker build -t "$(DOCKER_REPO)/$(DOCKER_IMAGE_NAME)-linux-$*:$(DOCKER_IMAGE_TAG)" \
	-f $(DOCKERFILE_PATH) \
	--build-arg ARCH="$*" \
	--build-arg OS="linux" \
	$(DOCKERBUILD_CONTEXT)
	

# Not a target:
web/ui/react-app/src//react-app-env.d.ts:
#  Implicit rule search has not been done.
#  Modification time never checked.
#  File has not been updated.

react-app-lint-fix:
#  Phony target (prerequisite of .PHONY).
#  Implicit rule search has not been done.
#  File does not exist.
#  File has not been updated.
#  commands to execute (from `Makefile', line 58):
	@echo ">> running React app linting and fixing errors where possible"
	cd $(REACT_APP_PATH) && yarn lint
	

# Not a target:
web/ui/react-app/src//themes/app.scss:
#  Implicit rule search has not been done.
#  Modification time never checked.
#  File has not been updated.

# Not a target:
web/ui/react-app/src//vendor/flot/jquery.flot.stack.js:
#  Implicit rule search has not been done.
#  Modification time never checked.
#  File has not been updated.

# Not a target:
.SUFFIXES:
#  Implicit rule search has not been done.
#  Modification time never checked.
#  File has not been updated.

# Not a target:
web/ui/react-app/public//index.html:
#  Implicit rule search has not been done.
#  Modification time never checked.
#  File has not been updated.

# Not a target:
web/ui/react-app/src//themes/light.scss:
#  Implicit rule search has not been done.
#  Modification time never checked.
#  File has not been updated.

# Not a target:
web/ui/react-app/src//pages/graph/ExpressionInput.tsx:
#  Implicit rule search has not been done.
#  Modification time never checked.
#  File has not been updated.

# Not a target:
web/ui/react-app/src//components/ToggleMoreLess.tsx:
#  Implicit rule search has not been done.
#  Modification time never checked.
#  File has not been updated.

# Not a target:
web/ui/react-app/src//utils/utils.test.ts:
#  Implicit rule search has not been done.
#  Modification time never checked.
#  File has not been updated.

# Not a target:
web/ui/react-app/src//pages/graph/GraphTabContent.tsx:
#  Implicit rule search has not been done.
#  Modification time never checked.
#  File has not been updated.

# Not a target:
Makefile:
#  Implicit rule search has been done.
#  Last modified 2021-07-10 19:08:31
#  File has been updated.
#  Successfully updated.
# variable set hash-table stats:
# Load=0/32=0%, Rehash=0, Collisions=0/0=0%

# Not a target:
web/ui/react-app/src//pages/flags/__snapshots__/Flags.test.tsx.snap:
#  Implicit rule search has not been done.
 
#  Modification time never checked.
#  File has not been updated.

# Not a target:
web/ui/react-app/src//pages/status:
#  Implicit rule search has not been done.
#  Modification time never checked.
#  File has not been updated.

# Not a target:
web/ui/react-app/src//pages/alerts/AlertContents.tsx:
#  Implicit rule search has not been done.
#  Modification time never checked.
#  File has not been updated.

# Not a target:
web/ui/react-app/src//pages/flags/Flags.test.tsx:
#  Implicit rule search has not been done.
#  Modification time never checked.
#  File has not been updated.

proto:
#  Phony target (prerequisite of .PHONY).
#  Implicit rule search has not been done.
#  File does not exist.
#  File has not been updated.
#  commands to execute (from `Makefile.common', line 281):
	@echo ">> generating code from proto files"
	@./scripts/genproto.sh
	

# Not a target:
web/ui/react-app/src//constants:
#  Implicit rule search has not been done.
#  Modification time never checked.
#  File has not been updated.

test: common-test react-app-test
#  Phony target (prerequisite of .PHONY).
#  Implicit rule search has not been done.
#  File does not exist.
#  File has not been updated.

common-test-short:
#  Phony target (prerequisite of .PHONY).
#  Implicit rule search has not been done.
#  File does not exist.
#  File has not been updated.
#  commands to execute (from `Makefile.common', line 166):
	@echo ">> running short tests"
	GO111MODULE=$(GO111MODULE) $(GOTEST) -short $(GOOPTS) $(pkgs)
	

bench_tsdb: /Users/wenj91/go/bin/promu
#  Phony target (prerequisite of .PHONY).
#  Implicit rule search has not been done.
#  File does not exist.
#  File has not been updated.
#  commands to execute (from `Makefile', line 86):
	@echo ">> building promtool"
	@GO111MODULE=$(GO111MODULE) $(PROMU) build --prefix $(PREFIX) promtool
	@echo ">> running benchmark, writing result to $(TSDB_BENCHMARK_OUTPUT_DIR)"
	@$(PROMTOOL) tsdb bench write --metrics=$(TSDB_BENCHMARK_NUM_METRICS) --out=$(TSDB_BENCHMARK_OUTPUT_DIR) $(TSDB_BENCHMARK_DATASET)
	@$(GO) tool pprof -svg $(PROMTOOL) $(TSDB_BENCHMARK_OUTPUT_DIR)/cpu.prof > $(TSDB_BENCHMARK_OUTPUT_DIR)/cpuprof.svg
	@$(GO) tool pprof --inuse_space -svg $(PROMTOOL) $(TSDB_BENCHMARK_OUTPUT_DIR)/mem.prof > $(TSDB_BENCHMARK_OUTPUT_DIR)/memprof.inuse.svg
	@$(GO) tool pprof --alloc_space -svg $(PROMTOOL) $(TSDB_BENCHMARK_OUTPUT_DIR)/mem.prof > $(TSDB_BENCHMARK_OUTPUT_DIR)/memprof.alloc.svg
	@$(GO) tool pprof -svg $(PROMTOOL) $(TSDB_BENCHMARK_OUTPUT_DIR)/block.prof > $(TSDB_BENCHMARK_OUTPUT_DIR)/blockprof.svg
	@$(GO) tool pprof -svg $(PROMTOOL) $(TSDB_BENCHMARK_OUTPUT_DIR)/mutex.prof > $(TSDB_BENCHMARK_OUTPUT_DIR)/mutexprof.svg
	

tarball: npm_licenses common-tarball
#  Phony target (prerequisite of .PHONY).
#  Implicit rule search has not been done.
#  File does not exist.
#  File has not been updated.

# Not a target:
web/ui/react-app/src//types/types.ts:
#  Implicit rule search has not been done.
#  Modification time never checked.
#  File has not been updated.

# Not a target:
web/ui/react-app/src//hooks/useFetch.ts:
#  Implicit rule search has not been done.
#  Modification time never checked.
#  File has not been updated.

# Not a target:
web/ui/react-app/src//pages/tsdbStatus/TSDBStatus.test.tsx:
#  Implicit rule search has not been done.
#  Modification time never checked.
#  File has not been updated.

# Not a target:
web/ui/react-app/src/:
#  Implicit rule search has not been done.
#  Modification time never checked.
#  File has not been updated.

npm_licenses: web/ui/react-app/node_modules
#  Phony target (prerequisite of .PHONY).
#  Implicit rule search has not been done.
#  File does not exist.
#  File has not been updated.
#  commands to execute (from `Makefile', line 71):
	@echo ">> bundling npm licenses"
	rm -f $(REACT_APP_NPM_LICENSES_TARBALL)
	find $(REACT_APP_NODE_MODULES_PATH) -iname "license*" | tar cfj $(REACT_APP_NPM_LICENSES_TARBALL) --transform 's/^/npm_licenses\//' --files-from=-
	

# Not a target:
web/ui/react-app/src//pages/targets/ScrapePoolList.test.tsx:
#  Implicit rule search has not been done.
#  Modification time never checked.
#  File has not been updated.

common-staticcheck: lint
#  Phony target (prerequisite of .PHONY).
#  Implicit rule search has not been done.
#  File does not exist.
#  File has not been updated.

# Not a target:
web/ui/react-app/src//pages/graph/Panel.test.tsx:
#  Implicit rule search has not been done.
#  Modification time never checked.
#  File has not been updated.

common-docker-tag-latest-armv7:
#  Phony target (prerequisite of .PHONY).
#  Implicit rule search has not been done.
#  Implicit/static pattern stem: `armv7'
#  File does not exist.
#  File has not been updated.
#  commands to execute (from `Makefile.common', line 261):
	docker tag "$(DOCKER_REPO)/$(DOCKER_IMAGE_NAME)-linux-$*:$(DOCKER_IMAGE_TAG)" "$(DOCKER_REPO)/$(DOCKER_IMAGE_NAME)-linux-$*:latest"
	docker tag "$(DOCKER_REPO)/$(DOCKER_IMAGE_NAME)-linux-$*:$(DOCKER_IMAGE_TAG)" "$(DOCKER_REPO)/$(DOCKER_IMAGE_NAME)-linux-$*:v$(DOCKER_MAJOR_VERSION_TAG)"
	

# Not a target:
web/ui/react-app/src//pages/alerts:
#  Implicit rule search has not been done.
#  Modification time never checked.
#  File has not been updated.

common-docker-armv7:
#  Phony target (prerequisite of .PHONY).
#  Implicit rule search has not been done.
#  Implicit/static pattern stem: `armv7'
#  File does not exist.
#  File has not been updated.
#  commands to execute (from `Makefile.common', line 246):
	docker build -t "$(DOCKER_REPO)/$(DOCKER_IMAGE_NAME)-linux-$*:$(DOCKER_IMAGE_TAG)" \
	-f $(DOCKERFILE_PATH) \
	--build-arg ARCH="$*" \
	--build-arg OS="linux" \
	$(DOCKERBUILD_CONTEXT)
	

# Not a target:
web/ui/react-app/public//favicon.ico:
#  Implicit rule search has not been done.
#  Modification time never checked.
#  File has not been updated.

# Not a target:
web/ui/react-app/src//pages/graph/QueryStatsView.test.tsx:
#  Implicit rule search has not been done.
#  Modification time never checked.
#  File has not been updated.

# Not a target:
web/ui/react-app/src//globals.ts:
#  Implicit rule search has not been done.
#  Modification time never checked.
#  File has not been updated.

common-docker-publish-ppc64le:
#  Phony target (prerequisite of .PHONY).
#  Implicit rule search has not been done.
#  Implicit/static pattern stem: `ppc64le'
#  File does not exist.
#  File has not been updated.
#  commands to execute (from `Makefile.common', line 255):
	docker push "$(DOCKER_REPO)/$(DOCKER_IMAGE_NAME)-linux-$*:$(DOCKER_IMAGE_TAG)"
	

 
common-docker-tag-latest: common-docker-tag-latest-amd64 common-docker-tag-latest-armv7 common-docker-tag-latest-arm64 common-docker-tag-latest-ppc64le common-docker-tag-latest-s390x
#  Phony target (prerequisite of .PHONY).
#  Implicit rule search has not been done.
#  File does not exist.
#  File has not been updated.

# Not a target:
web/ui/react-app/src//index.tsx:
#  Implicit rule search has not been done.
#  Modification time never checked.
#  File has not been updated.

common-docker: common-docker-amd64 common-docker-armv7 common-docker-arm64 common-docker-ppc64le common-docker-s390x
#  Phony target (prerequisite of .PHONY).
#  Implicit rule search has not been done.
#  File does not exist.
#  File has not been updated.

# Not a target:
web/ui/react-app/src//Theme.tsx:
#  Implicit rule search has not been done.
#  Modification time never checked.
#  File has not been updated.

# Not a target:
web/ui/react-app/src//pages/graph:
#  Implicit rule search has not been done.
#  Modification time never checked.
#  File has not been updated.

# Not a target:
web/ui/react-app/src//pages/targets/__snapshots__:
#  Implicit rule search has not been done.
#  Modification time never checked.
#  File has not been updated.

# Not a target:
web/ui/react-app/src//pages/tsdbStatus/TSDBStatus.tsx:
#  Implicit rule search has not been done.
#  Modification time never checked.
#  File has not been updated.

# Not a target:
lint:
#  Implicit rule search has not been done.
#  Modification time never checked.
#  File has not been updated.

# Not a target:
web/ui/react-app/src//pages/status/__snapshots__:
#  Implicit rule search has not been done.
#  Modification time never checked.
#  File has not been updated.

# Not a target:
web/ui/react-app/src//pages/targets/ScrapePoolList.tsx:
#  Implicit rule search has not been done.
#  Modification time never checked.
#  File has not been updated.

# Not a target:
web/ui/react-app/src//pages/graph/Panel.tsx:
#  Implicit rule search has not been done.
#  Modification time never checked.
#  File has not been updated.

# Not a target:
web/ui/react-app/src//pages/targets/ScrapePoolPanel.test.tsx:
#  Implicit rule search has not been done.
#  Modification time never checked.
#  File has not been updated.

# Not a target:
web/ui/react-app/src//pages/graph/QueryStatsView.tsx:
#  Implicit rule search has not been done.
#  Modification time never checked.
#  File has not been updated.

common-docker-tag-latest-arm64:
#  Phony target (prerequisite of .PHONY).
#  Implicit rule search has not been done.
#  Implicit/static pattern stem: `arm64'
#  File does not exist.
#  File has not been updated.
#  commands to execute (from `Makefile.common', line 261):
	docker tag "$(DOCKER_REPO)/$(DOCKER_IMAGE_NAME)-linux-$*:$(DOCKER_IMAGE_TAG)" "$(DOCKER_REPO)/$(DOCKER_IMAGE_NAME)-linux-$*:latest"
	docker tag "$(DOCKER_REPO)/$(DOCKER_IMAGE_NAME)-linux-$*:$(DOCKER_IMAGE_TAG)" "$(DOCKER_REPO)/$(DOCKER_IMAGE_NAME)-linux-$*:v$(DOCKER_MAJOR_VERSION_TAG)"
	

common-docker-arm64:
#  Phony target (prerequisite of .PHONY).
#  Implicit rule search has not been done.
#  Implicit/static pattern stem: `arm64'
#  File does not exist.
#  File has not been updated.
#  commands to execute (from `Makefile.common', line 246):
	docker build -t "$(DOCKER_REPO)/$(DOCKER_IMAGE_NAME)-linux-$*:$(DOCKER_IMAGE_TAG)" \
	-f $(DOCKERFILE_PATH) \
	--build-arg ARCH="$*" \
	--build-arg OS="linux" \
	$(DOCKERBUILD_CONTEXT)
	

# Not a target:
unused:
#  Implicit rule search has not been done.
#  Modification time never checked.
#  File has not been updated.

# Not a target:
web/ui/react-app/public/:
#  Implicit rule search has not been done.
#  Modification time never checked.
#  File has not been updated.

# Not a target:
web/ui/react-app/src//vendor/flot/jquery.flot.crosshair.js:
#  Implicit rule search has not been done.
#  Modification time never checked.
#  File has not been updated.

# Not a target:
web/ui/react-app/src//pages/graph/CMExpressionInput.test.tsx:
#  Implicit rule search has not been done.
#  Modification time never checked.
#  File has not been updated.

# Not a target:
scripts/build_react_app.sh:
#  Implicit rule search has not been done.
#  Modification time never checked.
#  File has not been updated.

# Not a target:
web/ui/react-app/src//hooks/useLocalStorage.test.tsx:
#  Implicit rule search has not been done.
#  Modification time never checked.
#  File has not been updated.

# Not a target:
web/ui/react-app/src//pages/status/__snapshots__/Status.test.tsx.snap:
#  Implicit rule search has not been done.
#  Modification time never checked.
#  File has not been updated.

# Not a target:
web/ui/react-app/src//types/index.d.ts:
#  Implicit rule search has not been done.
#  Modification time never checked.
#  File has not been updated.

common-build: promu
#  Phony target (prerequisite of .PHONY).
#  Implicit rule search has not been done.
#  File does not exist.
#  File has not been updated.
#  commands to execute (from `Makefile.common', line 235):
	@echo ">> building binaries"
	GO111MODULE=$(GO111MODULE) $(PROMU) build --prefix $(PREFIX) $(PROMU_BINARIES)
	

# Not a target:
web/ui/react-app/src//pages/targets/ScrapePoolPanel.tsx:
#  Implicit rule search has not been done.
#  Modification time never checked.
#  File has not been updated.

# Not a target:
web/ui/react-app/src//pages/status/Status.test.tsx:
#  Implicit rule search has not been done.
#  Modification time never checked.
#  File has not been updated.

# Not a target:
 
web/ui/react-app/src//pages/serviceDiscovery:
#  Implicit rule search has not been done.
#  Modification time never checked.
#  File has not been updated.

# Not a target:
web/ui/react-app/src//pages/targets/__testdata__:
#  Implicit rule search has not been done.
#  Modification time never checked.
#  File has not been updated.

common-yamllint:
#  Phony target (prerequisite of .PHONY).
#  Implicit rule search has not been done.
#  File does not exist.
#  File has not been updated.
#  commands to execute (from `Makefile.common', line 203):
	@echo ">> running yamllint on all YAML files in the repository"
	@echo "yamllint not installed so skipping"
	

# Not a target:
web/ui/react-app/src//constants/constants.tsx:
#  Implicit rule search has not been done.
#  Modification time never checked.
#  File has not been updated.

# Not a target:
web/ui/react-app/src//pages/graph/CMExpressionInput.tsx:
#  Implicit rule search has not been done.
#  Modification time never checked.
#  File has not been updated.

# Not a target:
web/ui/react-app/src//themes/_bootstrap_dark.scss:
#  Implicit rule search has not been done.
#  Modification time never checked.
#  File has not been updated.

# Not a target:
web/ui/react-app/src//utils:
#  Implicit rule search has not been done.
#  Modification time never checked.
#  File has not been updated.

# Not a target:
web/ui/react-app/src//types:
#  Implicit rule search has not been done.
#  Modification time never checked.
#  File has not been updated.

# Not a target:
web/ui/react-app/src//hooks/useLocalStorage.tsx:
#  Implicit rule search has not been done.
#  Modification time never checked.
#  File has not been updated.

# Not a target:
web/ui/react-app/src//setupTests.ts:
#  Implicit rule search has not been done.
#  Modification time never checked.
#  File has not been updated.

# Not a target:
.DEFAULT:
#  Implicit rule search has not been done.
#  Modification time never checked.
#  File has not been updated.

# Not a target:
web/ui/react-app/src//pages/graph/GraphHelpers.test.ts:
#  Implicit rule search has not been done.
#  Modification time never checked.
#  File has not been updated.

common-check_license:
#  Phony target (prerequisite of .PHONY).
#  Implicit rule search has not been done.
#  File does not exist.
#  File has not been updated.
#  commands to execute (from `Makefile.common', line 135):
	@echo ">> checking license header"
	@licRes=$$(for file in $$(find . -type f -iname '*.go' ! -path './vendor/*') ; do \
	awk 'NR<=3' $$file | grep -Eq "(Copyright|generated|GENERATED)" || echo $$file; \
	done); \
	if [ -n "$${licRes}" ]; then \
	echo "license header checking failed:"; echo "$${licRes}"; \
	exit 1; \
	fi
	

# Not a target:
web/ui/react-app/src//pages/status/Status.tsx:
#  Implicit rule search has not been done.
#  Modification time never checked.
#  File has not been updated.

# Not a target:
web/ui/react-app/src//components/Checkbox.test.tsx:
#  Implicit rule search has not been done.
#  Modification time never checked.
#  File has not been updated.

web/ui/react-app/node_modules: web/ui/react-app/package.json web/ui/react-app/yarn.lock
#  Implicit rule search has not been done.
#  Modification time never checked.
#  File has not been updated.
#  commands to execute (from `Makefile', line 36):
	cd $(REACT_APP_PATH) && yarn --frozen-lockfile
	

common-unused:
#  Phony target (prerequisite of .PHONY).
#  Implicit rule search has not been done.
#  File does not exist.
#  File has not been updated.
#  commands to execute (from `Makefile.common', line 221):
	@echo ">> running check for unused/missing packages in go.mod"
	GO111MODULE=$(GO111MODULE) $(GO) mod tidy
	@git diff --exit-code -- go.sum go.mod
	

# Not a target:
web/ui/react-app/src//themes:
#  Implicit rule search has not been done.
#  Modification time never checked.
#  File has not been updated.

common-style:
#  Phony target (prerequisite of .PHONY).
#  Implicit rule search has not been done.
#  Implicit/static pattern stem: `'
#  File does not exist.
#  File has been updated.
#  Needs to be updated (-q is set).
# automatic
# @ := common-style
# automatic
# % := 
# automatic
# * := 
# automatic
# + := 
# automatic
# | := 
# automatic
# < := 
# automatic
# ^ := 
# automatic
# ? := 
# variable set hash-table stats:
# Load=8/32=25%, Rehash=0, Collisions=1/13=8%
#  commands to execute (from `Makefile.common', line 125):
	@echo ">> checking code style"
	@fmtRes=$$($(GOFMT) -d $$(find . -path ./vendor -prune -o -name '*.go' -print)); \
	if [ -n "$${fmtRes}" ]; then \
	echo "gofmt checking failed!"; echo "$${fmtRes}"; echo; \
	echo "Please ensure you are using $$($(GO) version) for formatting code."; \
	exit 1; \
	fi
	

# Not a target:
web/ui/react-app/src//themes/_bootstrap_light.scss:
#  Implicit rule search has not been done.
#  Modification time never checked.
#  File has not been updated.

# Not a target:
Makefile.common:
#  Implicit rule search has been done.
#  Last modified 2021-07-10 19:08:31
#  File has been updated.
#  Successfully updated.
# variable set hash-table stats:
# Load=0/32=0%, Rehash=0, Collisions=0/0=0%

style: common-style
#  Implicit rule search has been done.
#  Implicit/static pattern stem: `style'
#  File does not exist.
#  File has been updated.
#  Needs to be updated (-q is set).
# variable set hash-table stats:
# Load=0/32=0%, Rehash=0, Collisions=0/5=0%
#  commands to execute (from `Makefile.common', line 118):
	

# Not a target:
web/ui/react-app/src//pages/graph/GraphHelpers.ts:
#  Implicit rule search has not been done.
#  Modification time never checked.
#  File has not been updated.

# Not a target:
web/ui/react-app/src//pages/targets/Targets.test.tsx:
#  Implicit rule search has not been done.
#  Modification time never checked.
#  File has not been updated.

# Not a target:
web/ui/react-app/src//components/Checkbox.tsx:
#  Implicit rule search has not been done.
#  Modification time never checked.
#  File has not been updated.

precheck::
#  Phony target (prerequisite of .PHONY).
#  Implicit rule search has not been done.
#  File does not exist.
#  File has been updated.
#  Successfully updated.

# Not a target:
web/ui/react-app/src//pages/alerts/__snapshots__:
#  Implicit rule search has not been done.
#  Modification time never checked.
#  File has not been updated.

# Not a target:
web/ui/react-app/src//fonts/codicon.ttf:
#  Implicit rule search has not been done.
#  Modification time never checked.
#  File has not been updated.

# Not a target:
web/ui/react-app/yarn.lock:
#  Implicit rule search has not been done.
#  Modification time never checked.
#  File has not been updated.

# Not a target:
web/ui/react-app/src//pages/flags/Flags.tsx:
#  Implicit rule search has not been done.
#  Modification time never checked.
#  File has not been updated.

docker: npm_licenses common-docker
#  Phony target (prerequisite of .PHONY).
#  Implicit rule search has not been done.
#  File does not exist.
#  File has not been updated.

# Not a target:
web/ui/react-app/src//pages/graph/SeriesName.test.tsx:
#  Implicit rule search has not been done.
#  Modification time never checked.
#  File has not been updated.

# Not a target:
web/ui/react-app/src//components/withStartingIndicator.test.tsx:
#  Implicit rule search has not been done.
#  Modification time never checked.
#  File has not been updated.

update-go-deps:
#  Phony target (prerequisite of .PHONY).
#  Implicit rule search has not been done.
#  File does not exist.
#  File has not been updated.
#  commands to execute (from `Makefile.common', line 155):
	@echo ">> updating Go dependencies"
	@for m in $$($(GO) list -mod=readonly -m -f '{{ if and (not .Indirect) (not .Main)}}{{.Path}}{{end}}' all); do \
	$(GO) get $$m; \
	done
	GO111MODULE=$(GO111MODULE) $(GO) mod tidy
	

# Not a target:
web/ui/react-app/src//pages/targets/Targets.tsx:
#  Implicit rule search has not been done.
#  Modification time never checked.
#  File has not been updated.

# Not a target:
web/ui/react-app/src//pages/targets/Filter.test.tsx:
#  Implicit rule search has not been done.
#  Modification time never checked.
#  File has not been updated.

/Users/wenj91/go/bin/golangci-lint:
 
#  Implicit rule search has not been done.
#  Modification time never checked.
#  File has not been updated.
#  commands to execute (from `Makefile.common', line 286):
	mkdir -p $(FIRST_GOPATH)/bin
	curl -sfL https://raw.githubusercontent.com/golangci/golangci-lint/$(GOLANGCI_LINT_VERSION)/install.sh \
	| sed -e '/install -d/d' \
	| sh -s -- -b $(FIRST_GOPATH)/bin $(GOLANGCI_LINT_VERSION)
	

# Not a target:
web/ui/react-app/src//pages/rules:
#  Implicit rule search has not been done.
#  Modification time never checked.
#  File has not been updated.

# Not a target:
web/ui/react-app/src//pages/graph/Legend.tsx:
#  Implicit rule search has not been done.
#  Modification time never checked.
#  File has not been updated.

# Not a target:
web/ui/react-app/src//pages/targets/ScrapePoolPanel.module.css:
#  Implicit rule search has not been done.
#  Modification time never checked.
#  File has not been updated.

# Not a target:
web/ui/react-app/src//themes/_shared.scss:
#  Implicit rule search has not been done.
#  Modification time never checked.
#  File has not been updated.

/Users/wenj91/go/bin/promu:
#  Implicit rule search has not been done.
#  Modification time never checked.
#  File has not been updated.
#  commands to execute (from `Makefile.common', line 273):
	$(eval PROMU_TMP := $(shell mktemp -d))
	curl -s -L $(PROMU_URL) | tar -xvzf - -C $(PROMU_TMP)
	mkdir -p $(FIRST_GOPATH)/bin
	cp $(PROMU_TMP)/promu-$(PROMU_VERSION).$(GO_BUILD_PLATFORM)/promu $(FIRST_GOPATH)/bin/promu
	rm -r $(PROMU_TMP)
	

# Not a target:
web/ui/react-app/src//vendor/flot/jquery.flot.selection.js:
#  Implicit rule search has not been done.
#  Modification time never checked.
#  File has not been updated.

# Not a target:
web/ui/react-app/src//pages/targets/EndpointLink.tsx:
#  Implicit rule search has not been done.
#  Modification time never checked.
#  File has not been updated.

# Not a target:
web/ui/react-app/src//pages/graph/DataTable.test.tsx:
#  Implicit rule search has not been done.
#  Modification time never checked.
#  File has not been updated.

# Not a target:
web/ui/react-app/src//pages/graph/SeriesName.tsx:
#  Implicit rule search has not been done.
#  Modification time never checked.
#  File has not been updated.

# Not a target:
web/ui/react-app/src//utils/index.ts:
#  Implicit rule search has not been done.
#  Modification time never checked.
#  File has not been updated.

common-docker-publish-s390x:
#  Phony target (prerequisite of .PHONY).
#  Implicit rule search has not been done.
#  Implicit/static pattern stem: `s390x'
#  File does not exist.
#  File has not been updated.
#  commands to execute (from `Makefile.common', line 255):
	docker push "$(DOCKER_REPO)/$(DOCKER_IMAGE_NAME)-linux-$*:$(DOCKER_IMAGE_TAG)"
	

common-docker-publish-amd64:
#  Phony target (prerequisite of .PHONY).
#  Implicit rule search has not been done.
#  Implicit/static pattern stem: `amd64'
#  File does not exist.
#  File has not been updated.
#  commands to execute (from `Makefile.common', line 255):
	docker push "$(DOCKER_REPO)/$(DOCKER_IMAGE_NAME)-linux-$*:$(DOCKER_IMAGE_TAG)"
	

# Not a target:
web/ui/react-app/src//pages/graph/TimeInput.test.tsx:
#  Implicit rule search has not been done.
#  Modification time never checked.
#  File has not been updated.

# Not a target:
web/ui/react-app/src//pages/alerts/Alerts.tsx:
#  Implicit rule search has not been done.
#  Modification time never checked.
#  File has not been updated.

common-lint: /Users/wenj91/go/bin/golangci-lint
#  Phony target (prerequisite of .PHONY).
#  Implicit rule search has not been done.
#  File does not exist.
#  File has not been updated.
#  commands to execute (from `Makefile.common', line 190):
	@echo ">> running golangci-lint"
	GO111MODULE=$(GO111MODULE) $(GO) list -e -compiled -test=true -export=false -deps=true -find=false -tags= -- ./... > /dev/null
	GO111MODULE=$(GO111MODULE) $(GOLANGCI_LINT) run $(GOLANGCI_LINT_OPTS) $(pkgs)
	

common-docker-tag-latest-ppc64le:
#  Phony target (prerequisite of .PHONY).
#  Implicit rule search has not been done.
#  Implicit/static pattern stem: `ppc64le'
#  File does not exist.
#  File has not been updated.
#  commands to execute (from `Makefile.common', line 261):
	docker tag "$(DOCKER_REPO)/$(DOCKER_IMAGE_NAME)-linux-$*:$(DOCKER_IMAGE_TAG)" "$(DOCKER_REPO)/$(DOCKER_IMAGE_NAME)-linux-$*:latest"
	docker tag "$(DOCKER_REPO)/$(DOCKER_IMAGE_NAME)-linux-$*:$(DOCKER_IMAGE_TAG)" "$(DOCKER_REPO)/$(DOCKER_IMAGE_NAME)-linux-$*:v$(DOCKER_MAJOR_VERSION_TAG)"
	

# Not a target:
web/ui/react-app/src//pages:
#  Implicit rule search has not been done.
#  Modification time never checked.
#  File has not been updated.

common-docker-ppc64le:
#  Phony target (prerequisite of .PHONY).
#  Implicit rule search has not been done.
#  Implicit/static pattern stem: `ppc64le'
#  File does not exist.
#  File has not been updated.
#  commands to execute (from `Makefile.common', line 246):
	docker build -t "$(DOCKER_REPO)/$(DOCKER_IMAGE_NAME)-linux-$*:$(DOCKER_IMAGE_TAG)" \
	-f $(DOCKERFILE_PATH) \
	--build-arg ARCH="$*" \
	--build-arg OS="linux" \
	$(DOCKERBUILD_CONTEXT)
	

assets: web/ui/static/react
#  Phony target (prerequisite of .PHONY).
#  Implicit rule search has not been done.
#  File does not exist.
#  File has not been updated.
#  commands to execute (from `Makefile', line 44):
	@echo ">> writing assets"
	# Un-setting GOOS and GOARCH here because the generated Go code is always the same,
	# but the cached object code is incompatible between architectures and OSes (which
	# breaks cross-building for different combinations on CI in the same container).
	cd web/ui && GO111MODULE=$(GO111MODULE) GOOS= GOARCH= $(GO) generate -x -v $(GOOPTS)
	@$(GOFMT) -w ./web/ui
	

# Not a target:
web/ui/react-app/src//pages/graph/DataTable.tsx:
#  Implicit rule search has not been done.
#  Modification time never checked.
#  File has not been updated.

# Not a target:
web/ui/react-app/src//themes/dark.scss:
#  Implicit rule search has not been done.
#  Modification time never checked.
#  File has not been updated.

# Not a target:
web/ui/react-app/src//pages/rules/RulesContent.tsx:
#  Implicit rule search has not been done.
#  Modification time never checked.
#  File has not been updated.

# Not a target:
web/ui/react-app/src//pages/graph/TimeInput.tsx:
#  Implicit rule search has not been done.
#  Modification time never checked.
#  File has not been updated.

# Not a target:
web/ui/react-app/src//vendor/flot:
#  Implicit rule search has not been done.
#  Modification time never checked.
#  File has not been updated.

react-app-test: | web/ui/react-app/node_modules react-app-lint
#  Phony target (prerequisite of .PHONY).
#  Implicit rule search has not been done.
#  File does not exist.
#  File has not been updated.
#  commands to execute (from `Makefile', line 63):
	@echo ">> running React app tests"
	cd $(REACT_APP_PATH) && yarn test --no-watch --coverage
	

# Not a target:
web/ui/react-app/src//pages/targets/EndpointLink.test.tsx:
#  Implicit rule search has not been done.
#  Modification time never checked.
#  File has not been updated.

# Not a target:
web/ui/react-app/src//pages/targets/__testdata__/testdata.ts:
#  Implicit rule search has not been done.
#  Modification time never checked.
#  File has not been updated.

common-deps:
#  Phony target (prerequisite of .PHONY).
#  Implicit rule search has not been done.
#  File does not exist.
#  File has not been updated.
#  commands to execute (from `Makefile.common', line 146):
	@echo ">> getting dependencies"
	GO111MODULE=$(GO111MODULE) $(GO) mod download
 
	

# Not a target:
web/ui/react-app/src//pages/flags:
#  Implicit rule search has not been done.
#  Modification time never checked.
#  File has not been updated.

# Not a target:
web/ui/react-app/public//manifest.json:
#  Implicit rule search has not been done.
#  Modification time never checked.
#  File has not been updated.

# Not a target:
web/ui/react-app/src//components/withStatusIndicator.tsx:
#  Implicit rule search has not been done.
#  Modification time never checked.
#  File has not been updated.

# Not a target:
web/ui/react-app/src//pages/config/Config.tsx:
#  Implicit rule search has not been done.
#  Modification time never checked.
#  File has not been updated.

promu: /Users/wenj91/go/bin/promu
#  Phony target (prerequisite of .PHONY).
#  Implicit rule search has not been done.
#  File does not exist.
#  File has not been updated.

common-docker-publish-armv7:
#  Phony target (prerequisite of .PHONY).
#  Implicit rule search has not been done.
#  Implicit/static pattern stem: `armv7'
#  File does not exist.
#  File has not been updated.
#  commands to execute (from `Makefile.common', line 255):
	docker push "$(DOCKER_REPO)/$(DOCKER_IMAGE_NAME)-linux-$*:$(DOCKER_IMAGE_TAG)"
	

common-docker-manifest:
#  Phony target (prerequisite of .PHONY).
#  Implicit rule search has not been done.
#  File does not exist.
#  File has not been updated.
#  commands to execute (from `Makefile.common', line 266):
	DOCKER_CLI_EXPERIMENTAL=enabled docker manifest create -a "$(DOCKER_REPO)/$(DOCKER_IMAGE_NAME):$(DOCKER_IMAGE_TAG)" $(foreach ARCH,$(DOCKER_ARCHS),$(DOCKER_REPO)/$(DOCKER_IMAGE_NAME)-linux-$(ARCH):$(DOCKER_IMAGE_TAG))
	DOCKER_CLI_EXPERIMENTAL=enabled docker manifest push "$(DOCKER_REPO)/$(DOCKER_IMAGE_NAME):$(DOCKER_IMAGE_TAG)"
	

# Not a target:
web/ui/react-app/src//components:
#  Implicit rule search has not been done.
#  Modification time never checked.
#  File has not been updated.

common-docker-publish: common-docker-publish-amd64 common-docker-publish-armv7 common-docker-publish-arm64 common-docker-publish-ppc64le common-docker-publish-s390x
#  Phony target (prerequisite of .PHONY).
#  Implicit rule search has not been done.
#  File does not exist.
#  File has not been updated.

# Not a target:
web/ui/react-app/src//Navbar.test.tsx:
#  Implicit rule search has not been done.
#  Modification time never checked.
#  File has not been updated.

# files hash-table stats:
# Load=198/1024=19%, Rehash=0, Collisions=89/479=19%
# VPATH Search Paths

# No `vpath' search paths.

# No general (`VPATH' variable) search path.

# # of strings in strcache: 2
# # of strcache buffers: 1
# strcache size: total = 4096 / max = 4096 / min = 4096 / avg = 4096
# strcache free: total = 4071 / max = 4071 / min = 4071 / avg = 4071

# Finished Make data base on Tue May 24 21:23:57 2022

 
